<?xml version="1.0" encoding="UTF-8"?>
<testsuite xmlns:xsi="http://www.w3.org/2001/XMLSchema-instance" xsi:noNamespaceSchemaLocation="https://maven.apache.org/surefire/maven-surefire-plugin/xsd/surefire-test-report.xsd" name="com.traceable.archetype.AppTest" time="0.037" tests="1" errors="0" skipped="0" failures="0">
  <properties>
    <property name="sun.desktop" value="windows"/>
    <property name="awt.toolkit" value="sun.awt.windows.WToolkit"/>
    <property name="file.encoding.pkg" value="sun.io"/>
    <property name="java.specification.version" value="1.8"/>
    <property name="sun.cpu.isalist" value="amd64"/>
    <property name="sun.jnu.encoding" value="Cp1252"/>
    <property name="java.class.path" value="C:\Users\SundaresanKrishnaswa\Documents\workspace\traceableautomationarchetype\target\test-classes;C:\Users\SundaresanKrishnaswa\Documents\workspace\traceableautomationarchetype\target\classes;C:\Users\SundaresanKrishnaswa\.m2\repository\junit\junit\4.11\junit-4.11.jar;C:\Users\SundaresanKrishnaswa\.m2\repository\org\hamcrest\hamcrest-core\1.3\hamcrest-core-1.3.jar;"/>
    <property name="java.vm.vendor" value="Oracle Corporation"/>
    <property name="sun.arch.data.model" value="64"/>
    <property name="user.variant" value=""/>
    <property name="java.vendor.url" value="http://java.oracle.com/"/>
    <property name="user.timezone" value="Asia/Calcutta"/>
    <property name="java.vm.specification.version" value="1.8"/>
    <property name="os.name" value="Windows 10"/>
    <property name="user.country" value="US"/>
    <property name="sun.java.launcher" value="SUN_STANDARD"/>
    <property name="sun.boot.library.path" value="C:\Program Files\Java\jdk1.8.0_221\jre\bin"/>
    <property name="sun.java.command" value="C:\Users\SUNDAR~1\AppData\Local\Temp\surefire703133075506946485\surefirebooter5668144248769883641.jar C:\Users\SundaresanKrishnaswa\AppData\Local\Temp\surefire703133075506946485 2019-10-24T15-07-58_039-jvmRun1 surefire2354021580082541577tmp surefire_07247162171265976529tmp"/>
    <property name="surefire.test.class.path" value="C:\Users\SundaresanKrishnaswa\Documents\workspace\traceableautomationarchetype\target\test-classes;C:\Users\SundaresanKrishnaswa\Documents\workspace\traceableautomationarchetype\target\classes;C:\Users\SundaresanKrishnaswa\.m2\repository\junit\junit\4.11\junit-4.11.jar;C:\Users\SundaresanKrishnaswa\.m2\repository\org\hamcrest\hamcrest-core\1.3\hamcrest-core-1.3.jar;"/>
    <property name="sun.cpu.endian" value="little"/>
    <property name="user.home" value="C:\Users\SundaresanKrishnaswa"/>
    <property name="user.language" value="en"/>
    <property name="java.specification.vendor" value="Oracle Corporation"/>
    <property name="java.home" value="C:\Program Files\Java\jdk1.8.0_221\jre"/>
    <property name="basedir" value="C:\Users\SundaresanKrishnaswa\Documents\workspace\traceableautomationarchetype"/>
    <property name="file.separator" value="\"/>
    <property name="line.separator" value="&#10;"/>
    <property name="java.vm.specification.vendor" value="Oracle Corporation"/>
    <property name="java.specification.name" value="Java Platform API Specification"/>
    <property name="java.awt.graphicsenv" value="sun.awt.Win32GraphicsEnvironment"/>
    <property name="surefire.real.class.path" value="C:\Users\SUNDAR~1\AppData\Local\Temp\surefire703133075506946485\surefirebooter5668144248769883641.jar"/>
    <property name="sun.boot.class.path" value="C:\Program Files\Java\jdk1.8.0_221\jre\lib\resources.jar;C:\Program Files\Java\jdk1.8.0_221\jre\lib\rt.jar;C:\Program Files\Java\jdk1.8.0_221\jre\lib\sunrsasign.jar;C:\Program Files\Java\jdk1.8.0_221\jre\lib\jsse.jar;C:\Program Files\Java\jdk1.8.0_221\jre\lib\jce.jar;C:\Program Files\Java\jdk1.8.0_221\jre\lib\charsets.jar;C:\Program Files\Java\jdk1.8.0_221\jre\lib\jfr.jar;C:\Program Files\Java\jdk1.8.0_221\jre\classes"/>
    <property name="user.script" value=""/>
    <property name="sun.management.compiler" value="HotSpot 64-Bit Tiered Compilers"/>
    <property name="java.runtime.version" value="1.8.0_221-b11"/>
    <property name="user.name" value="SundaresanKrishnaswa"/>
    <property name="path.separator" value=";"/>
    <property name="os.version" value="10.0"/>
    <property name="java.endorsed.dirs" value="C:\Program Files\Java\jdk1.8.0_221\jre\lib\endorsed"/>
    <property name="java.runtime.name" value="Java(TM) SE Runtime Environment"/>
    <property name="file.encoding" value="Cp1252"/>
    <property name="java.vm.name" value="Java HotSpot(TM) 64-Bit Server VM"/>
    <property name="localRepository" value="C:\Users\SundaresanKrishnaswa\.m2\repository"/>
    <property name="java.vendor.url.bug" value="http://bugreport.sun.com/bugreport/"/>
    <property name="java.io.tmpdir" value="C:\Users\SUNDAR~1\AppData\Local\Temp\"/>
    <property name="java.version" value="1.8.0_221"/>
    <property name="user.dir" value="C:\Users\SundaresanKrishnaswa\Documents\workspace\traceableautomationarchetype"/>
    <property name="os.arch" value="amd64"/>
    <property name="java.vm.specification.name" value="Java Virtual Machine Specification"/>
    <property name="java.awt.printerjob" value="sun.awt.windows.WPrinterJob"/>
    <property name="sun.os.patch.level" value=""/>
    <property name="java.library.path" value="C:\Program Files\Java\jdk1.8.0_221\jre\bin;C:\WINDOWS\Sun\Java\bin;C:\WINDOWS\system32;C:\WINDOWS;C:\ProgramData\DockerDesktop\version-bin;C:\Program Files\Docker\Docker\Resources\bin;C:\Program Files (x86)\Common Files\Oracle\Java\javapath;C:\ProgramData\Oracle\Java\javapath;C:\WINDOWS\system32;C:\WINDOWS;C:\WINDOWS\System32\Wbem;C:\WINDOWS\System32\WindowsPowerShell\v1.0\;C:\WINDOWS\System32\OpenSSH\;C:\ProgramData\chocolatey\bin;C:\Program Files\Java\jdk1.8.0_201\bin;C:\Program Files\Git\cmd;C:\Program Files\nodejs\;C:\RailsInstaller\Ruby2.3.3\bin;C:\Ruby25-x64\bin;C:\RailsInstaller\Git\cmd;C:\RailsInstaller\Ruby2.2.0\bin;C:\Users\SundaresanKrishnaswa\AppData\Local\Programs\Python\Python37-32\Scripts\;C:\Users\SundaresanKrishnaswa\AppData\Local\Programs\Python\Python37-32\;C:\Users\SundaresanKrishnaswa\AppData\Local\Microsoft\WindowsApps;C:\Users\SundaresanKrishnaswa\AppData\Local\Programs\Fiddler;C:\Users\SundaresanKrishnaswa\AppData\Local\Programs\Microsoft VS Code\bin;C:\Users\SundaresanKrishnaswa\AppData\Roaming\npm;C:\Program Files\JetBrains\Intell;C:\Program Files\Intel\WiFi\bin\;C:\Program Files\Common Files\Intel\WirelessCommon\;C:\Program Files (x86)\Intel\Intel(R) Management Engine Components\DAL;C:\Program Files\Intel\Intel(R) Management Engine Components\DAL;C:\RailsInstaller\Ruby2.3.3\bin;C:\Ruby25-x64\bin;C:\RailsInstaller\Git\cmd;C:\RailsInstaller\Ruby2.2.0\bin;C:\Users\SundaresanKrishnaswa\AppData\Local\Programs\Python\Python37-32\Scripts\;C:\Users\SundaresanKrishnaswa\AppData\Local\Programs\Python\Python37-32\;C:\Users\SundaresanKrishnaswa\AppData\Local\Microsoft\WindowsApps;C:\Users\SundaresanKrishnaswa\AppData\Local\Programs\Fiddler;C:\Users\SundaresanKrishnaswa\AppData\Local\Programs\Microsoft VS Code\bin;C:\Users\SundaresanKrishnaswa\AppData\Roaming\npm;C:\Program Files\JetBrains\IntelliJ IDEA Community Edition 2019.1.3\bin;;C:\Users\SundaresanKrishnaswa\AppData\Local\Microsoft\WindowsApps;C:\Program Files\Docker\Docker;C:\Program Files\Intel\WiFi\bin\;C:\Program Files\Common Files\Intel\WirelessCommon\;C:\Users\SundaresanKrishnaswa\AppData\Local\Box\Box Edit\;C:\Users\SundaresanKrishnaswa\AppData\Local\Google\Cloud SDK\google-cloud-sdk\bin;."/>
    <property name="java.vm.info" value="mixed mode"/>
    <property name="java.vendor" value="Oracle Corporation"/>
    <property name="java.vm.version" value="25.221-b11"/>
    <property name="java.ext.dirs" value="C:\Program Files\Java\jdk1.8.0_221\jre\lib\ext;C:\WINDOWS\Sun\Java\lib\ext"/>
    <property name="sun.io.unicode.encoding" value="UnicodeLittle"/>
    <property name="java.class.version" value="52.0"/>
  </properties>
  <testcase name="shouldAnswerWithTrue" classname="com.traceable.archetype.AppTest" time="0.002"/>
</testsuite>